-------------------------------------------------------------------------------
Test set: TestSuite
-------------------------------------------------------------------------------
Tests run: 37, Failures: 15, Errors: 0, Skipped: 0, Time elapsed: 2,559.189 s <<< FAILURE! - in TestSuite
GeneralTCNo11(tests.TM_GeneralTest)  Time elapsed: 11.075 s  <<< FAILURE!
org.openqa.selenium.NoSuchElementException: Can't locate an element by this strategy: By.chained({By.id: card_view_article})
	at tests.TM_GeneralTest.GeneralTCNo11(TM_GeneralTest.java:33)
Caused by: org.openqa.selenium.TimeoutException: Expected condition failed: waiting for io.appium.java_client.pagefactory.AppiumElementLocator$WaitingFunction@dbda472 (tried for 1 second(s) with 500 milliseconds interval)
	at tests.TM_GeneralTest.GeneralTCNo11(TM_GeneralTest.java:33)
Caused by: org.openqa.selenium.NoSuchElementException: 
Cannot locate an element using By.chained({By.id: card_view_article})
For documentation on this error, please visit: http://seleniumhq.org/exceptions/no_such_element.html
Build info: version: '3.12.0', revision: '7c6e0b3', time: '2018-05-08T14:04:26.12Z'
System info: host: 'LAPTOP057', ip: '172.16.0.105', os.name: 'Windows 10', os.arch: 'amd64', os.version: '10.0', java.version: '1.8.0_131'
Driver info: driver.version: AndroidDriver
	at tests.TM_GeneralTest.GeneralTCNo11(TM_GeneralTest.java:33)

SectionTabTCNo12(tests.TM_SectionTab)  Time elapsed: 55.226 s  <<< FAILURE!
org.openqa.selenium.NoSuchElementException: Can't locate an element by this strategy: By.chained({By.id: Navigate up})
	at tests.TM_SectionTab.SectionTabTCNo12(TM_SectionTab.java:39)
Caused by: org.openqa.selenium.TimeoutException: Expected condition failed: waiting for io.appium.java_client.pagefactory.AppiumElementLocator$WaitingFunction@439c706 (tried for 1 second(s) with 500 milliseconds interval)
	at tests.TM_SectionTab.SectionTabTCNo12(TM_SectionTab.java:39)
Caused by: org.openqa.selenium.NoSuchElementException: 
Cannot locate an element using By.chained({By.id: Navigate up})
For documentation on this error, please visit: http://seleniumhq.org/exceptions/no_such_element.html
Build info: version: '3.12.0', revision: '7c6e0b3', time: '2018-05-08T14:04:26.12Z'
System info: host: 'LAPTOP057', ip: '172.16.0.105', os.name: 'Windows 10', os.arch: 'amd64', os.version: '10.0', java.version: '1.8.0_131'
Driver info: driver.version: AndroidDriver
	at tests.TM_SectionTab.SectionTabTCNo12(TM_SectionTab.java:39)

SectionTabTCNo8(tests.TM_SectionTab)  Time elapsed: 14.535 s  <<< FAILURE!
org.openqa.selenium.NoSuchElementException: Can't locate an element by this strategy: By.chained({By.xpath: //android.widget.TextView[@content-desc='Share Article']})
	at tests.TM_SectionTab.SectionTabTCNo8(TM_SectionTab.java:29)
Caused by: org.openqa.selenium.TimeoutException: Expected condition failed: waiting for io.appium.java_client.pagefactory.AppiumElementLocator$WaitingFunction@630793f3 (tried for 1 second(s) with 500 milliseconds interval)
	at tests.TM_SectionTab.SectionTabTCNo8(TM_SectionTab.java:29)
Caused by: org.openqa.selenium.NoSuchElementException: 
Cannot locate an element using By.chained({By.xpath: //android.widget.TextView[@content-desc='Share Article']})
For documentation on this error, please visit: http://seleniumhq.org/exceptions/no_such_element.html
Build info: version: '3.12.0', revision: '7c6e0b3', time: '2018-05-08T14:04:26.12Z'
System info: host: 'LAPTOP057', ip: '172.16.0.105', os.name: 'Windows 10', os.arch: 'amd64', os.version: '10.0', java.version: '1.8.0_131'
Driver info: driver.version: AndroidDriver
	at tests.TM_SectionTab.SectionTabTCNo8(TM_SectionTab.java:29)

SettingTCNo3(tests.TM_SettingTab)  Time elapsed: 12.917 s  <<< FAILURE!
org.openqa.selenium.NoSuchElementException: Can't locate an element by this strategy: By.chained({By.xpath: //android.widget.TextView[@text='Gmail']})
	at tests.TM_SettingTab.SettingTCNo3(TM_SettingTab.java:13)
Caused by: org.openqa.selenium.TimeoutException: Expected condition failed: waiting for io.appium.java_client.pagefactory.AppiumElementLocator$WaitingFunction@13695bca (tried for 1 second(s) with 500 milliseconds interval)
	at tests.TM_SettingTab.SettingTCNo3(TM_SettingTab.java:13)
Caused by: org.openqa.selenium.NoSuchElementException: 
Cannot locate an element using By.chained({By.xpath: //android.widget.TextView[@text='Gmail']})
For documentation on this error, please visit: http://seleniumhq.org/exceptions/no_such_element.html
Build info: version: '3.12.0', revision: '7c6e0b3', time: '2018-05-08T14:04:26.12Z'
System info: host: 'LAPTOP057', ip: '172.16.0.105', os.name: 'Windows 10', os.arch: 'amd64', os.version: '10.0', java.version: '1.8.0_131'
Driver info: driver.version: AndroidDriver
	at tests.TM_SettingTab.SettingTCNo3(TM_SettingTab.java:13)

SettingTCNo6(tests.TM_SettingTab)  Time elapsed: 6.77 s  <<< FAILURE!
java.lang.AssertionError: expected [4.0.0 (53)] but found [4.0.0 (50)]
	at tests.TM_SettingTab.SettingTCNo6(TM_SettingTab.java:27)

HomeTabTCNo8(tests.TM_HomeTab)  Time elapsed: 42.319 s  <<< FAILURE!
org.openqa.selenium.NoSuchElementException: Can't locate an element by this strategy: By.chained({By.xpath: //android.widget.EditText[contains(@resource-id,'subject')]})
	at tests.TM_HomeTab.HomeTabTCNo8(TM_HomeTab.java:18)
Caused by: org.openqa.selenium.TimeoutException: Expected condition failed: waiting for io.appium.java_client.pagefactory.AppiumElementLocator$WaitingFunction@486417fc (tried for 1 second(s) with 500 milliseconds interval)
	at tests.TM_HomeTab.HomeTabTCNo8(TM_HomeTab.java:18)
Caused by: org.openqa.selenium.NoSuchElementException: 
Cannot locate an element using By.chained({By.xpath: //android.widget.EditText[contains(@resource-id,'subject')]})
For documentation on this error, please visit: http://seleniumhq.org/exceptions/no_such_element.html
Build info: version: '3.12.0', revision: '7c6e0b3', time: '2018-05-08T14:04:26.12Z'
System info: host: 'LAPTOP057', ip: '172.16.0.105', os.name: 'Windows 10', os.arch: 'amd64', os.version: '10.0', java.version: '1.8.0_131'
Driver info: driver.version: AndroidDriver
	at tests.TM_HomeTab.HomeTabTCNo8(TM_HomeTab.java:18)

ArticleTCNo4(tests.TM_ArticlePage)  Time elapsed: 14.532 s  <<< FAILURE!
java.lang.AssertionError: expected [true] but found [false]
	at tests.TM_ArticlePage.ArticleTCNo4(TM_ArticlePage.java:18)

BookMarkTCNo14(tests.TM_BookmarkTab)  Time elapsed: 49.757 s  <<< FAILURE!
java.lang.AssertionError: expected [true] but found [false]
	at tests.TM_BookmarkTab.BookMarkTCNo14(TM_BookmarkTab.java:29)

BookMarkTCNo16(tests.TM_BookmarkTab)  Time elapsed: 50.637 s  <<< FAILURE!
org.openqa.selenium.NoSuchElementException: Can't locate an element by this strategy: By.chained({By.xpath: //android.support.v7.widget.RecyclerView//android.widget.TextView[@resource-id='com.ap.philly:id/bookmark_title']})
	at tests.TM_BookmarkTab.BookMarkTCNo16(TM_BookmarkTab.java:34)
Caused by: org.openqa.selenium.TimeoutException: Expected condition failed: waiting for io.appium.java_client.pagefactory.AppiumElementLocator$WaitingFunction@17df114c (tried for 1 second(s) with 500 milliseconds interval)
	at tests.TM_BookmarkTab.BookMarkTCNo16(TM_BookmarkTab.java:34)
Caused by: org.openqa.selenium.NoSuchElementException: 
Cannot locate an element using By.chained({By.xpath: //android.support.v7.widget.RecyclerView//android.widget.TextView[@resource-id='com.ap.philly:id/bookmark_title']})
For documentation on this error, please visit: http://seleniumhq.org/exceptions/no_such_element.html
Build info: version: '3.12.0', revision: '7c6e0b3', time: '2018-05-08T14:04:26.12Z'
System info: host: 'LAPTOP057', ip: '172.16.0.105', os.name: 'Windows 10', os.arch: 'amd64', os.version: '10.0', java.version: '1.8.0_131'
Driver info: driver.version: AndroidDriver
	at tests.TM_BookmarkTab.BookMarkTCNo16(TM_BookmarkTab.java:34)

BookMarkTCNo2(tests.TM_BookmarkTab)  Time elapsed: 51.898 s  <<< FAILURE!
org.openqa.selenium.NoSuchElementException: Can't locate an element by this strategy: By.chained({By.xpath: //android.support.v7.widget.RecyclerView//android.widget.TextView[@resource-id='com.ap.philly:id/bookmark_title']})
	at tests.TM_BookmarkTab.BookMarkTCNo2(TM_BookmarkTab.java:9)
Caused by: org.openqa.selenium.TimeoutException: Expected condition failed: waiting for io.appium.java_client.pagefactory.AppiumElementLocator$WaitingFunction@6fd93c83 (tried for 1 second(s) with 500 milliseconds interval)
	at tests.TM_BookmarkTab.BookMarkTCNo2(TM_BookmarkTab.java:9)
Caused by: org.openqa.selenium.NoSuchElementException: 
Cannot locate an element using By.chained({By.xpath: //android.support.v7.widget.RecyclerView//android.widget.TextView[@resource-id='com.ap.philly:id/bookmark_title']})
For documentation on this error, please visit: http://seleniumhq.org/exceptions/no_such_element.html
Build info: version: '3.12.0', revision: '7c6e0b3', time: '2018-05-08T14:04:26.12Z'
System info: host: 'LAPTOP057', ip: '172.16.0.105', os.name: 'Windows 10', os.arch: 'amd64', os.version: '10.0', java.version: '1.8.0_131'
Driver info: driver.version: AndroidDriver
	at tests.TM_BookmarkTab.BookMarkTCNo2(TM_BookmarkTab.java:9)

RatingModuleTCNo1(tests.TM_RatingModule)  Time elapsed: 166.682 s  <<< FAILURE!
org.openqa.selenium.WebDriverException: 
Appium error: An unknown server-side error occurred while processing the command. Original error: Swipe did not complete successfully (WARNING: The server did not provide any stacktrace information)
Command duration or timeout: 0 milliseconds
Build info: version: '3.12.0', revision: '7c6e0b3', time: '2018-05-08T14:04:26.12Z'
System info: host: 'LAPTOP057', ip: '172.16.0.105', os.name: 'Windows 10', os.arch: 'amd64', os.version: '10.0', java.version: '1.8.0_131'
Driver info: io.appium.java_client.android.AndroidDriver
Capabilities {64bit: false, acceptSslCert: false, acceptSslCerts: false, appActivity: com.ap.philly.Views.MainAct..., appPackage: com.ap.philly, appium_port: 38082, automationName: uiautomator2, browserstack.appiumLogs: true, browserstack.callbackStop: true, browserstack.debug: true, browserstack.deviceLogs: true, browserstack.ie.noFlash: false, browserstack.minOSVersion: 4.1, browserstack.tunnelIdentifier: , browserstack.video: true, browserstack.video.disableWaterMark: true, bundleID: com.ap.philly, device: google pixel, deviceName: google pixel, javascriptEnabled: true, mobile: {browser: mobile, version: Google Pixel-7.1}, nativeWebScreenshot: true, newCommandTimeout: 100, orig_os: android, os_version: 7.1, platform: ANDROID, platformName: ANDROID, proxy_type: node, realMobile: true, systemPort: 8202, udid: FA69J0313980, version: }
Session ID: fcf8a141f6e7f10ade63dd712ab8fcd7aa46e8b7
	at tests.TM_RatingModule.RatingModuleTCNo1(TM_RatingModule.java:8)

RatingModuleTCNo2(tests.TM_RatingModule)  Time elapsed: 181.053 s  <<< FAILURE!
org.openqa.selenium.WebDriverException: 
Appium error: An unknown server-side error occurred while processing the command. Original error: Swipe did not complete successfully (WARNING: The server did not provide any stacktrace information)
Command duration or timeout: 0 milliseconds
Build info: version: '3.12.0', revision: '7c6e0b3', time: '2018-05-08T14:04:26.12Z'
System info: host: 'LAPTOP057', ip: '172.16.0.105', os.name: 'Windows 10', os.arch: 'amd64', os.version: '10.0', java.version: '1.8.0_131'
Driver info: io.appium.java_client.android.AndroidDriver
Capabilities {64bit: false, acceptSslCert: false, acceptSslCerts: false, appActivity: com.ap.philly.Views.MainAct..., appPackage: com.ap.philly, appium_port: 38082, automationName: uiautomator2, browserstack.appiumLogs: true, browserstack.callbackStop: true, browserstack.debug: true, browserstack.deviceLogs: true, browserstack.ie.noFlash: false, browserstack.minOSVersion: 4.1, browserstack.tunnelIdentifier: , browserstack.video: true, browserstack.video.disableWaterMark: true, bundleID: com.ap.philly, device: google pixel, deviceName: google pixel, javascriptEnabled: true, mobile: {browser: mobile, version: Google Pixel-7.1}, nativeWebScreenshot: true, newCommandTimeout: 100, orig_os: android, os_version: 7.1, platform: ANDROID, platformName: ANDROID, proxy_type: node, realMobile: true, systemPort: 8202, udid: FA69J0313980, version: }
Session ID: fcf8a141f6e7f10ade63dd712ab8fcd7aa46e8b7
	at tests.TM_RatingModule.RatingModuleTCNo2(TM_RatingModule.java:13)

RatingModuleTCNo3(tests.TM_RatingModule)  Time elapsed: 137.325 s  <<< FAILURE!
org.openqa.selenium.WebDriverException: 
Appium error: An unknown server-side error occurred while processing the command. Original error: Swipe did not complete successfully (WARNING: The server did not provide any stacktrace information)
Command duration or timeout: 0 milliseconds
Build info: version: '3.12.0', revision: '7c6e0b3', time: '2018-05-08T14:04:26.12Z'
System info: host: 'LAPTOP057', ip: '172.16.0.105', os.name: 'Windows 10', os.arch: 'amd64', os.version: '10.0', java.version: '1.8.0_131'
Driver info: io.appium.java_client.android.AndroidDriver
Capabilities {64bit: false, acceptSslCert: false, acceptSslCerts: false, appActivity: com.ap.philly.Views.MainAct..., appPackage: com.ap.philly, appium_port: 38082, automationName: uiautomator2, browserstack.appiumLogs: true, browserstack.callbackStop: true, browserstack.debug: true, browserstack.deviceLogs: true, browserstack.ie.noFlash: false, browserstack.minOSVersion: 4.1, browserstack.tunnelIdentifier: , browserstack.video: true, browserstack.video.disableWaterMark: true, bundleID: com.ap.philly, device: google pixel, deviceName: google pixel, javascriptEnabled: true, mobile: {browser: mobile, version: Google Pixel-7.1}, nativeWebScreenshot: true, newCommandTimeout: 100, orig_os: android, os_version: 7.1, platform: ANDROID, platformName: ANDROID, proxy_type: node, realMobile: true, systemPort: 8202, udid: FA69J0313980, version: }
Session ID: fcf8a141f6e7f10ade63dd712ab8fcd7aa46e8b7
	at tests.TM_RatingModule.RatingModuleTCNo3(TM_RatingModule.java:18)

RatingModuleTCNo4(tests.TM_RatingModule)  Time elapsed: 186.446 s  <<< FAILURE!
org.openqa.selenium.StaleElementReferenceException: 
android.support.test.uiautomator.StaleObjectException
	at android.support.test.uiautomator.UiObject2.getAccessibilityNodeInfo(UiObject2.java:629)
	at android.support.test.uiautomator.UiObject2.getVisibleBounds(UiObject2.java:210)
	at android.support.test.uiautomator.UiObject2.getVisibleCenter(UiObject2.java:251)
	at android.support.test.uiautomator.UiObject2.click(UiObject2.java:343)
	at io.appium.uiautomator2.model.UiObject2Element.click(UiObject2Element.java:44)
	at io.appium.uiautomator2.handler.Click.safeHandle(Click.java:40)
	at io.appium.uiautomator2.handler.request.SafeRequestHandler.handle(SafeRequestHandler.java:56)
	at io.appium.uiautomator2.server.AppiumServlet.handleRequest(AppiumServlet.java:202)
	at io.appium.uiautomator2.server.AppiumServlet.handleHttpRequest(AppiumServlet.java:193)
	at io.appium.uiautomator2.http.ServerHandler.channelRead(ServerHandler.java:44)
	at io.netty.channel.AbstractChannelHandlerContext.invokeChannelRead(AbstractChannelHandlerContext.java:366)
	at io.netty.channel.AbstractChannelHandlerContext.invokeChannelRead(AbstractChannelHandlerContext.java:352)
	at io.netty.channel.AbstractChannelHandlerContext.fireChannelRead(AbstractChannelHandlerContext.java:345)
	at io.netty.handler.codec.MessageToMessageDecoder.channelRead(MessageToMessageDecoder.java:102)
	at io.netty.channel.AbstractChannelHandlerContext.invokeChannelRead(AbstractChannelHandlerContext.java:366)
	at io.netty.channel.AbstractChannelHandlerContext.invokeChannelRead(AbstractChannelHandlerContext.java:352)
	at io.netty.channel.AbstractChannelHandlerContext.fireChannelRead(AbstractChannelHandlerContext.java:345)
	at io.netty.channel.CombinedChannelDuplexHandler$DelegatingChannelHandlerContext.fireChannelRead(CombinedChannelDuplexHandler.java:435)
	at io.netty.handler.codec.ByteToMessageDecoder.fireChannelRead(ByteToMessageDecoder.java:293)
	at io.netty.handler.codec.ByteToMessageDecoder.channelRead(ByteToMessageDecoder.java:267)
	at io.netty.channel.CombinedChannelDuplexHandler.channelRead(CombinedChannelDuplexHandler.java:250)
	at io.netty.channel.AbstractChannelHandlerContext.invokeChannelRead(AbstractChannelHandlerContext.java:366)
	at io.netty.channel.AbstractChannelHandlerContext.invokeChannelRead(AbstractChannelHandlerContext.java:352)
	at io.netty.channel.AbstractChannelHandlerContext.fireChannelRead(AbstractChannelHandlerContext.java:345)
	at io.netty.channel.DefaultChannelPipeline$HeadContext.channelRead(DefaultChannelPipeline.java:1294)
	at io.netty.channel.AbstractChannelHandlerContext.invokeChannelRead(AbstractChannelHandlerContext.java:366)
	at io.netty.channel.AbstractChannelHandlerContext.invokeChannelRead(AbstractChannelHandlerContext.java:352)
	at io.netty.channel.DefaultChannelPipeline.fireChannelRead(DefaultChannelPipeline.java:911)
	at io.netty.channel.nio.AbstractNioByteChannel$NioByteUnsafe.read(AbstractNioByteChannel.java:131)
	at io.netty.channel.nio.NioEventLoop.processSelectedKey(NioEventLoop.java:611)
	at io.netty.channel.nio.NioEventLoop.processSelectedKeysOptimized(NioEventLoop.java:552)
	at io.netty.channel.nio.NioEventLoop.processSelectedKeys(NioEventLoop.java:466)
	at io.netty.channel.nio.NioEventLoop.run(NioEventLoop.java:438)
	at io.netty.util.concurrent.SingleThreadEventExecutor$2.run(SingleThreadEventExecutor.java:140)
	at io.netty.util.concurrent.DefaultThreadFactory$DefaultRunnableDecorator.run(DefaultThreadFactory.java:144)
	at java.lang.Thread.run(Thread.java:761)
 (WARNING: The server did not provide any stacktrace information)
Command duration or timeout: 0 milliseconds
For documentation on this error, please visit: http://seleniumhq.org/exceptions/stale_element_reference.html
Build info: version: '3.12.0', revision: '7c6e0b3', time: '2018-05-08T14:04:26.12Z'
System info: host: 'LAPTOP057', ip: '172.16.0.105', os.name: 'Windows 10', os.arch: 'amd64', os.version: '10.0', java.version: '1.8.0_131'
Driver info: io.appium.java_client.android.AndroidDriver
Capabilities {64bit: false, acceptSslCert: false, acceptSslCerts: false, appActivity: com.ap.philly.Views.MainAct..., appPackage: com.ap.philly, appium_port: 38082, automationName: uiautomator2, browserstack.appiumLogs: true, browserstack.callbackStop: true, browserstack.debug: true, browserstack.deviceLogs: true, browserstack.ie.noFlash: false, browserstack.minOSVersion: 4.1, browserstack.tunnelIdentifier: , browserstack.video: true, browserstack.video.disableWaterMark: true, bundleID: com.ap.philly, device: google pixel, deviceName: google pixel, javascriptEnabled: true, mobile: {browser: mobile, version: Google Pixel-7.1}, nativeWebScreenshot: true, newCommandTimeout: 100, orig_os: android, os_version: 7.1, platform: ANDROID, platformName: ANDROID, proxy_type: node, realMobile: true, systemPort: 8202, udid: FA69J0313980, version: }
Session ID: fcf8a141f6e7f10ade63dd712ab8fcd7aa46e8b7
	at tests.TM_RatingModule.RatingModuleTCNo4(TM_RatingModule.java:23)

RatingModuleTCNo5(tests.TM_RatingModule)  Time elapsed: 36.246 s  <<< FAILURE!
org.openqa.selenium.TimeoutException: Expected condition failed: waiting for visibility of Located by By.chained({By.id: tv_top_story_title}) (tried for 30 second(s) with 500 milliseconds interval)
	at tests.TM_RatingModule.RatingModuleTCNo5(TM_RatingModule.java:28)
Caused by: org.openqa.selenium.NoSuchElementException: Can't locate an element by this strategy: By.chained({By.id: tv_top_story_title})
	at tests.TM_RatingModule.RatingModuleTCNo5(TM_RatingModule.java:28)
Caused by: org.openqa.selenium.TimeoutException: Expected condition failed: waiting for io.appium.java_client.pagefactory.AppiumElementLocator$WaitingFunction@711ce989 (tried for 1 second(s) with 500 milliseconds interval)
	at tests.TM_RatingModule.RatingModuleTCNo5(TM_RatingModule.java:28)
Caused by: org.openqa.selenium.NoSuchElementException: 
Cannot locate an element using By.chained({By.id: tv_top_story_title})
For documentation on this error, please visit: http://seleniumhq.org/exceptions/no_such_element.html
Build info: version: '3.12.0', revision: '7c6e0b3', time: '2018-05-08T14:04:26.12Z'
System info: host: 'LAPTOP057', ip: '172.16.0.105', os.name: 'Windows 10', os.arch: 'amd64', os.version: '10.0', java.version: '1.8.0_131'
Driver info: driver.version: AndroidDriver
	at tests.TM_RatingModule.RatingModuleTCNo5(TM_RatingModule.java:28)

