<?xml version="1.0" encoding="UTF-8"?>
<!-- Generated by org.testng.reporters.JUnitXMLReporter -->
<testsuite hostname="CPU008" ignored="0" name="AndroidTest" tests="1" failures="1" timestamp="04 Oct 2018 10:53:37 GMT" time="60.794" errors="0">
  <testcase name="BookMarkTCNo2" time="43.826" classname="tests.AndroidTestCases">
    <failure type="org.openqa.selenium.NoSuchElementException" message="Can&amp;apos;t locate an element by this strategy: By.chained({By.id: com.google.android.gms:id/account_display_name})">
      <![CDATA[org.openqa.selenium.NoSuchElementException: Can't locate an element by this strategy: By.chained({By.id: com.google.android.gms:id/account_display_name})
at io.appium.java_client.pagefactory.AppiumElementLocator.findElement(AppiumElementLocator.java:126)
at io.appium.java_client.pagefactory.interceptors.InterceptorOfASingleElement.intercept(InterceptorOfASingleElement.java:60)
at io.appium.java_client.android.AndroidElement$$EnhancerByCGLIB$$b598166c.isDisplayed(<generated>)
at elements.CommonElements.bookMarkTabClick(CommonElements.java:138)
at pages.BookmarkTab.TestCaseNo2(BookmarkTab.java:40)
at tests.AndroidTestCases.BookMarkTCNo2(AndroidTestCases.java:88)
Caused by: org.openqa.selenium.TimeoutException: Expected condition failed: waiting for io.appium.java_client.pagefactory.AppiumElementLocator$WaitingFunction@fe08eaf (tried for 1 second(s) with 500 milliseconds interval)
at org.openqa.selenium.support.ui.FluentWait.timeoutException(FluentWait.java:303)
at org.openqa.selenium.support.ui.FluentWait.until(FluentWait.java:271)
at io.appium.java_client.pagefactory.AppiumElementLocator.waitFor(AppiumElementLocator.java:99)
at io.appium.java_client.pagefactory.AppiumElementLocator.findElement(AppiumElementLocator.java:119)
... 33 more
Caused by: org.openqa.selenium.NoSuchElementException: Cannot locate an element using By.chained({By.id: com.google.android.gms:id/account_display_name})
For documentation on this error, please visit: http://seleniumhq.org/exceptions/no_such_element.html
Build info: version: '3.12.0', revision: '7c6e0b3', time: '2018-05-08T14:04:26.12Z'
System info: host: 'CPU008', ip: '172.16.0.86', os.name: 'Windows 10', os.arch: 'amd64', os.version: '10.0', java.version: '1.8.0_131'
Driver info: driver.version: AndroidDriver
at io.appium.java_client.pagefactory.bys.builder.ByChained.findElement(ByChained.java:74)
at org.openqa.selenium.remote.RemoteWebDriver.findElement(RemoteWebDriver.java:309)
at io.appium.java_client.DefaultGenericMobileDriver.findElement(DefaultGenericMobileDriver.java:58)
at io.appium.java_client.AppiumDriver.findElement(AppiumDriver.java:1)
at io.appium.java_client.android.AndroidDriver.findElement(AndroidDriver.java:1)
at io.appium.java_client.pagefactory.bys.ContentMappedBy.findElement(ContentMappedBy.java:50)
at org.openqa.selenium.remote.RemoteWebDriver.findElement(RemoteWebDriver.java:309)
at io.appium.java_client.DefaultGenericMobileDriver.findElement(DefaultGenericMobileDriver.java:58)
at io.appium.java_client.AppiumDriver.findElement(AppiumDriver.java:1)
at io.appium.java_client.android.AndroidDriver.findElement(AndroidDriver.java:1)
at io.appium.java_client.pagefactory.AppiumElementLocator.lambda$0(AppiumElementLocator.java:120)
at io.appium.java_client.pagefactory.AppiumElementLocator$WaitingFunction.apply(AppiumElementLocator.java:172)
at io.appium.java_client.pagefactory.AppiumElementLocator$WaitingFunction.apply(AppiumElementLocator.java:1)
at org.openqa.selenium.support.ui.FluentWait.until(FluentWait.java:248)
... 35 more
... Removed 28 stack frames]]>
    </failure>
  </testcase> <!-- BookMarkTCNo2 -->
</testsuite> <!-- AndroidTest -->
